build/app/intermediates/manifest_merge_blame_file/debug/processDebugMainManifest/manifest-merger-blame-debug-report.txt
1<?xml version="1.0" encoding="utf-8"?>
2<manifest xmlns:android="http://schemas.android.com/apk/res/android"
3    package="com.example.touristique_guid"
4    android:versionCode="1"
5    android:versionName="1.0.0" >
6
7    <uses-sdk
8        android:minSdkVersion="24"
9        android:targetSdkVersion="36" />
10    <!--
11         The INTERNET permission is required for development. Specifically,
12         the Flutter tool needs it to communicate with the running application
13         to allow setting breakpoints, to provide hot reload, etc.
14    -->
15    <uses-permission android:name="android.permission.INTERNET" />
15-->src/main/AndroidManifest.xml:4:5-66
15-->src/main/AndroidManifest.xml:4:22-64
16    <uses-permission android:name="android.permission.ACCESS_NETWORK_STATE" />
16-->[com.google.firebase:firebase-auth:24.0.1] AndroidManifest.xml:26:5-79
16-->[com.google.firebase:firebase-auth:24.0.1] AndroidManifest.xml:26:22-76
17
18    <uses-feature
18-->[com.google.android.gms:play-services-maps:20.0.0] AndroidManifest.xml:22:5-24:33
19        android:glEsVersion="0x00020000"
19-->[com.google.android.gms:play-services-maps:20.0.0] AndroidManifest.xml:23:8-40
20        android:required="true" />
20-->[com.google.android.gms:play-services-maps:20.0.0] AndroidManifest.xml:24:8-31
21
22    <queries>
22-->[com.google.android.gms:play-services-maps:20.0.0] AndroidManifest.xml:27:5-30:15
23
24        <!-- Needs to be explicitly declared on Android R+ -->
25        <package android:name="com.google.android.apps.maps" />
25-->[com.google.android.gms:play-services-maps:20.0.0] AndroidManifest.xml:29:7-61
25-->[com.google.android.gms:play-services-maps:20.0.0] AndroidManifest.xml:29:16-59
26    </queries>
27
28    <uses-permission android:name="com.google.android.providers.gsf.permission.READ_GSERVICES" />
28-->[com.google.android.recaptcha:recaptcha:18.6.1] AndroidManifest.xml:9:5-98
28-->[com.google.android.recaptcha:recaptcha:18.6.1] AndroidManifest.xml:9:22-95
29
30    <permission
30-->[androidx.core:core:1.17.0] AndroidManifest.xml:22:5-24:47
31        android:name="com.example.touristique_guid.DYNAMIC_RECEIVER_NOT_EXPORTED_PERMISSION"
31-->[androidx.core:core:1.17.0] AndroidManifest.xml:23:9-81
32        android:protectionLevel="signature" />
32-->[androidx.core:core:1.17.0] AndroidManifest.xml:24:9-44
33
34    <uses-permission android:name="com.example.touristique_guid.DYNAMIC_RECEIVER_NOT_EXPORTED_PERMISSION" />
34-->[androidx.core:core:1.17.0] AndroidManifest.xml:26:5-97
34-->[androidx.core:core:1.17.0] AndroidManifest.xml:26:22-94
35
36    <application
37        android:name="android.app.Application"
38        android:appComponentFactory="androidx.core.app.CoreComponentFactory"
38-->[androidx.core:core:1.17.0] AndroidManifest.xml:28:18-86
39        android:debuggable="true"
40        android:extractNativeLibs="false"
41        android:icon="@mipmap/ic_launcher"
42        android:label="touristique_guid" >
43
44        <!-- Google Maps API Key (Android) -->
45        <meta-data
46            android:name="com.google.android.geo.API_KEY"
47            android:value="AIzaSyBfhwo0gEIJtcdi7yZ-8AGjyep-WitwgqU" />
48
49        <activity
50            android:name="com.example.touristique_guid.MainActivity"
51            android:configChanges="orientation|keyboardHidden|keyboard|screenSize|smallestScreenSize|locale|layoutDirection|fontScale|screenLayout|density|uiMode"
52            android:exported="true"
53            android:hardwareAccelerated="true"
54            android:launchMode="singleTop"
55            android:theme="@style/LaunchTheme"
56            android:windowSoftInputMode="adjustResize" >
57            <meta-data
58                android:name="io.flutter.embedding.android.NormalTheme"
59                android:resource="@style/NormalTheme" />
60
61            <intent-filter>
62                <action android:name="android.intent.action.MAIN" />
63
64                <category android:name="android.intent.category.LAUNCHER" />
65            </intent-filter>
66        </activity>
67
68        <meta-data
69            android:name="flutterEmbedding"
70            android:value="2" />
71
72        <uses-library
72-->[:google_maps_flutter_android] AndroidManifest.xml:8:9-10:40
73            android:name="org.apache.http.legacy"
73-->[:google_maps_flutter_android] AndroidManifest.xml:9:13-50
74            android:required="false" />
74-->[:google_maps_flutter_android] AndroidManifest.xml:10:13-37
75
76        <service
76-->[:firebase_auth] AndroidManifest.xml:8:9-12:19
77            android:name="com.google.firebase.components.ComponentDiscoveryService"
77-->[:firebase_auth] AndroidManifest.xml:8:18-89
78            android:directBootAware="true"
78-->[com.google.firebase:firebase-common:22.0.1] AndroidManifest.xml:32:13-43
79            android:exported="false" >
79-->[com.google.firebase:firebase-auth:24.0.1] AndroidManifest.xml:68:13-37
80            <meta-data
80-->[:firebase_auth] AndroidManifest.xml:9:13-11:85
81                android:name="com.google.firebase.components:io.flutter.plugins.firebase.auth.FlutterFirebaseAuthRegistrar"
81-->[:firebase_auth] AndroidManifest.xml:10:17-124
82                android:value="com.google.firebase.components.ComponentRegistrar" />
82-->[:firebase_auth] AndroidManifest.xml:11:17-82
83            <meta-data
83-->[:cloud_firestore] AndroidManifest.xml:9:13-11:85
84                android:name="com.google.firebase.components:io.flutter.plugins.firebase.firestore.FlutterFirebaseFirestoreRegistrar"
84-->[:cloud_firestore] AndroidManifest.xml:10:17-134
85                android:value="com.google.firebase.components.ComponentRegistrar" />
85-->[:cloud_firestore] AndroidManifest.xml:11:17-82
86            <meta-data
86-->[:firebase_core] AndroidManifest.xml:9:13-11:85
87                android:name="com.google.firebase.components:io.flutter.plugins.firebase.core.FlutterFirebaseCoreRegistrar"
87-->[:firebase_core] AndroidManifest.xml:10:17-124
88                android:value="com.google.firebase.components.ComponentRegistrar" />
88-->[:firebase_core] AndroidManifest.xml:11:17-82
89            <meta-data
89-->[com.google.firebase:firebase-auth:24.0.1] AndroidManifest.xml:69:13-71:85
90                android:name="com.google.firebase.components:com.google.firebase.auth.FirebaseAuthRegistrar"
90-->[com.google.firebase:firebase-auth:24.0.1] AndroidManifest.xml:70:17-109
91                android:value="com.google.firebase.components.ComponentRegistrar" />
91-->[com.google.firebase:firebase-auth:24.0.1] AndroidManifest.xml:71:17-82
92            <meta-data
92-->[com.google.firebase:firebase-firestore:26.2.0] AndroidManifest.xml:17:13-19:85
93                android:name="com.google.firebase.components:com.google.firebase.firestore.FirebaseFirestoreKtxRegistrar"
93-->[com.google.firebase:firebase-firestore:26.2.0] AndroidManifest.xml:18:17-122
94                android:value="com.google.firebase.components.ComponentRegistrar" />
94-->[com.google.firebase:firebase-firestore:26.2.0] AndroidManifest.xml:19:17-82
95            <meta-data
95-->[com.google.firebase:firebase-firestore:26.2.0] AndroidManifest.xml:20:13-22:85
96                android:name="com.google.firebase.components:com.google.firebase.firestore.FirestoreRegistrar"
96-->[com.google.firebase:firebase-firestore:26.2.0] AndroidManifest.xml:21:17-111
97                android:value="com.google.firebase.components.ComponentRegistrar" />
97-->[com.google.firebase:firebase-firestore:26.2.0] AndroidManifest.xml:22:17-82
98            <meta-data
98-->[com.google.firebase:firebase-common:22.0.1] AndroidManifest.xml:35:13-37:85
99                android:name="com.google.firebase.components:com.google.firebase.FirebaseCommonKtxRegistrar"
99-->[com.google.firebase:firebase-common:22.0.1] AndroidManifest.xml:36:17-109
100                android:value="com.google.firebase.components.ComponentRegistrar" />
100-->[com.google.firebase:firebase-common:22.0.1] AndroidManifest.xml:37:17-82
101        </service>
102
103        <activity
103-->[com.google.firebase:firebase-auth:24.0.1] AndroidManifest.xml:29:9-46:20
104            android:name="com.google.firebase.auth.internal.GenericIdpActivity"
104-->[com.google.firebase:firebase-auth:24.0.1] AndroidManifest.xml:30:13-80
105            android:excludeFromRecents="true"
105-->[com.google.firebase:firebase-auth:24.0.1] AndroidManifest.xml:31:13-46
106            android:exported="true"
106-->[com.google.firebase:firebase-auth:24.0.1] AndroidManifest.xml:32:13-36
107            android:launchMode="singleTask"
107-->[com.google.firebase:firebase-auth:24.0.1] AndroidManifest.xml:33:13-44
108            android:theme="@android:style/Theme.Translucent.NoTitleBar" >
108-->[com.google.firebase:firebase-auth:24.0.1] AndroidManifest.xml:34:13-72
109            <intent-filter>
109-->[com.google.firebase:firebase-auth:24.0.1] AndroidManifest.xml:35:13-45:29
110                <action android:name="android.intent.action.VIEW" />
110-->[com.google.firebase:firebase-auth:24.0.1] AndroidManifest.xml:36:17-69
110-->[com.google.firebase:firebase-auth:24.0.1] AndroidManifest.xml:36:25-66
111
112                <category android:name="android.intent.category.DEFAULT" />
112-->[com.google.firebase:firebase-auth:24.0.1] AndroidManifest.xml:38:17-76
112-->[com.google.firebase:firebase-auth:24.0.1] AndroidManifest.xml:38:27-73
113                <category android:name="android.intent.category.BROWSABLE" />
113-->[com.google.firebase:firebase-auth:24.0.1] AndroidManifest.xml:39:17-78
113-->[com.google.firebase:firebase-auth:24.0.1] AndroidManifest.xml:39:27-75
114
115                <data
115-->[com.google.firebase:firebase-auth:24.0.1] AndroidManifest.xml:41:17-44:51
116                    android:host="firebase.auth"
116-->[com.google.firebase:firebase-auth:24.0.1] AndroidManifest.xml:42:21-49
117                    android:path="/"
117-->[com.google.firebase:firebase-auth:24.0.1] AndroidManifest.xml:43:21-37
118                    android:scheme="genericidp" />
118-->[com.google.firebase:firebase-auth:24.0.1] AndroidManifest.xml:44:21-48
119            </intent-filter>
120        </activity>
121        <activity
121-->[com.google.firebase:firebase-auth:24.0.1] AndroidManifest.xml:47:9-64:20
122            android:name="com.google.firebase.auth.internal.RecaptchaActivity"
122-->[com.google.firebase:firebase-auth:24.0.1] AndroidManifest.xml:48:13-79
123            android:excludeFromRecents="true"
123-->[com.google.firebase:firebase-auth:24.0.1] AndroidManifest.xml:49:13-46
124            android:exported="true"
124-->[com.google.firebase:firebase-auth:24.0.1] AndroidManifest.xml:50:13-36
125            android:launchMode="singleTask"
125-->[com.google.firebase:firebase-auth:24.0.1] AndroidManifest.xml:51:13-44
126            android:theme="@android:style/Theme.Translucent.NoTitleBar" >
126-->[com.google.firebase:firebase-auth:24.0.1] AndroidManifest.xml:52:13-72
127            <intent-filter>
127-->[com.google.firebase:firebase-auth:24.0.1] AndroidManifest.xml:53:13-63:29
128                <action android:name="android.intent.action.VIEW" />
128-->[com.google.firebase:firebase-auth:24.0.1] AndroidManifest.xml:36:17-69
128-->[com.google.firebase:firebase-auth:24.0.1] AndroidManifest.xml:36:25-66
129
130                <category android:name="android.intent.category.DEFAULT" />
130-->[com.google.firebase:firebase-auth:24.0.1] AndroidManifest.xml:38:17-76
130-->[com.google.firebase:firebase-auth:24.0.1] AndroidManifest.xml:38:27-73
131                <category android:name="android.intent.category.BROWSABLE" />
131-->[com.google.firebase:firebase-auth:24.0.1] AndroidManifest.xml:39:17-78
131-->[com.google.firebase:firebase-auth:24.0.1] AndroidManifest.xml:39:27-75
132
133                <data
133-->[com.google.firebase:firebase-auth:24.0.1] AndroidManifest.xml:41:17-44:51
134                    android:host="firebase.auth"
134-->[com.google.firebase:firebase-auth:24.0.1] AndroidManifest.xml:42:21-49
135                    android:path="/"
135-->[com.google.firebase:firebase-auth:24.0.1] AndroidManifest.xml:43:21-37
136                    android:scheme="recaptcha" />
136-->[com.google.firebase:firebase-auth:24.0.1] AndroidManifest.xml:44:21-48
137            </intent-filter>
138        </activity>
139
140        <provider
140-->[com.google.firebase:firebase-common:22.0.1] AndroidManifest.xml:23:9-28:39
141            android:name="com.google.firebase.provider.FirebaseInitProvider"
141-->[com.google.firebase:firebase-common:22.0.1] AndroidManifest.xml:24:13-77
142            android:authorities="com.example.touristique_guid.firebaseinitprovider"
142-->[com.google.firebase:firebase-common:22.0.1] AndroidManifest.xml:25:13-72
143            android:directBootAware="true"
143-->[com.google.firebase:firebase-common:22.0.1] AndroidManifest.xml:26:13-43
144            android:exported="false"
144-->[com.google.firebase:firebase-common:22.0.1] AndroidManifest.xml:27:13-37
145            android:initOrder="100" />
145-->[com.google.firebase:firebase-common:22.0.1] AndroidManifest.xml:28:13-36
146
147        <meta-data
147-->[com.google.maps.android:android-maps-utils:4.1.0] AndroidManifest.xml:24:9-26:69
148            android:name="com.google.android.gms.version"
148-->[com.google.maps.android:android-maps-utils:4.1.0] AndroidManifest.xml:25:13-58
149            android:value="@integer/google_play_services_version" />
149-->[com.google.maps.android:android-maps-utils:4.1.0] AndroidManifest.xml:26:13-66
150
151        <provider
151-->[com.google.maps.android:android-maps-utils:4.1.0] AndroidManifest.xml:28:9-36:20
152            android:name="androidx.startup.InitializationProvider"
152-->[com.google.maps.android:android-maps-utils:4.1.0] AndroidManifest.xml:29:13-67
153            android:authorities="com.example.touristique_guid.androidx-startup"
153-->[com.google.maps.android:android-maps-utils:4.1.0] AndroidManifest.xml:30:13-68
154            android:exported="false" >
154-->[com.google.maps.android:android-maps-utils:4.1.0] AndroidManifest.xml:31:13-37
155            <meta-data
155-->[com.google.maps.android:android-maps-utils:4.1.0] AndroidManifest.xml:33:13-35:52
156                android:name="com.google.maps.android.utils.attribution.AttributionIdInitializer"
156-->[com.google.maps.android:android-maps-utils:4.1.0] AndroidManifest.xml:34:17-98
157                android:value="androidx.startup" />
157-->[com.google.maps.android:android-maps-utils:4.1.0] AndroidManifest.xml:35:17-49
158            <meta-data
158-->[androidx.emoji2:emoji2:1.3.0] AndroidManifest.xml:29:13-31:52
159                android:name="androidx.emoji2.text.EmojiCompatInitializer"
159-->[androidx.emoji2:emoji2:1.3.0] AndroidManifest.xml:30:17-75
160                android:value="androidx.startup" />
160-->[androidx.emoji2:emoji2:1.3.0] AndroidManifest.xml:31:17-49
161            <meta-data
161-->[androidx.lifecycle:lifecycle-process:2.7.0] AndroidManifest.xml:29:13-31:52
162                android:name="androidx.lifecycle.ProcessLifecycleInitializer"
162-->[androidx.lifecycle:lifecycle-process:2.7.0] AndroidManifest.xml:30:17-78
163                android:value="androidx.startup" />
163-->[androidx.lifecycle:lifecycle-process:2.7.0] AndroidManifest.xml:31:17-49
164            <meta-data
164-->[androidx.profileinstaller:profileinstaller:1.3.1] AndroidManifest.xml:29:13-31:52
165                android:name="androidx.profileinstaller.ProfileInstallerInitializer"
165-->[androidx.profileinstaller:profileinstaller:1.3.1] AndroidManifest.xml:30:17-85
166                android:value="androidx.startup" />
166-->[androidx.profileinstaller:profileinstaller:1.3.1] AndroidManifest.xml:31:17-49
167        </provider>
168
169        <service
169-->[androidx.credentials:credentials-play-services-auth:1.2.0-rc01] AndroidManifest.xml:24:9-32:19
170            android:name="androidx.credentials.playservices.CredentialProviderMetadataHolder"
170-->[androidx.credentials:credentials-play-services-auth:1.2.0-rc01] AndroidManifest.xml:25:13-94
171            android:enabled="true"
171-->[androidx.credentials:credentials-play-services-auth:1.2.0-rc01] AndroidManifest.xml:26:13-35
172            android:exported="false" >
172-->[androidx.credentials:credentials-play-services-auth:1.2.0-rc01] AndroidManifest.xml:27:13-37
173            <meta-data
173-->[androidx.credentials:credentials-play-services-auth:1.2.0-rc01] AndroidManifest.xml:29:13-31:104
174                android:name="androidx.credentials.CREDENTIAL_PROVIDER_KEY"
174-->[androidx.credentials:credentials-play-services-auth:1.2.0-rc01] AndroidManifest.xml:30:17-76
175                android:value="androidx.credentials.playservices.CredentialProviderPlayServicesImpl" />
175-->[androidx.credentials:credentials-play-services-auth:1.2.0-rc01] AndroidManifest.xml:31:17-101
176        </service>
177
178        <activity
178-->[androidx.credentials:credentials-play-services-auth:1.2.0-rc01] AndroidManifest.xml:34:9-41:20
179            android:name="androidx.credentials.playservices.HiddenActivity"
179-->[androidx.credentials:credentials-play-services-auth:1.2.0-rc01] AndroidManifest.xml:35:13-76
180            android:configChanges="orientation|screenSize|screenLayout|keyboardHidden"
180-->[androidx.credentials:credentials-play-services-auth:1.2.0-rc01] AndroidManifest.xml:36:13-87
181            android:enabled="true"
181-->[androidx.credentials:credentials-play-services-auth:1.2.0-rc01] AndroidManifest.xml:37:13-35
182            android:exported="false"
182-->[androidx.credentials:credentials-play-services-auth:1.2.0-rc01] AndroidManifest.xml:38:13-37
183            android:fitsSystemWindows="true"
183-->[androidx.credentials:credentials-play-services-auth:1.2.0-rc01] AndroidManifest.xml:39:13-45
184            android:theme="@style/Theme.Hidden" >
184-->[androidx.credentials:credentials-play-services-auth:1.2.0-rc01] AndroidManifest.xml:40:13-48
185        </activity>
186        <activity
186-->[com.google.android.gms:play-services-auth:21.0.0] AndroidManifest.xml:23:9-27:75
187            android:name="com.google.android.gms.auth.api.signin.internal.SignInHubActivity"
187-->[com.google.android.gms:play-services-auth:21.0.0] AndroidManifest.xml:24:13-93
188            android:excludeFromRecents="true"
188-->[com.google.android.gms:play-services-auth:21.0.0] AndroidManifest.xml:25:13-46
189            android:exported="false"
189-->[com.google.android.gms:play-services-auth:21.0.0] AndroidManifest.xml:26:13-37
190            android:theme="@android:style/Theme.Translucent.NoTitleBar" />
190-->[com.google.android.gms:play-services-auth:21.0.0] AndroidManifest.xml:27:13-72
191        <!--
192            Service handling Google Sign-In user revocation. For apps that do not integrate with
193            Google Sign-In, this service will never be started.
194        -->
195        <service
195-->[com.google.android.gms:play-services-auth:21.0.0] AndroidManifest.xml:33:9-37:51
196            android:name="com.google.android.gms.auth.api.signin.RevocationBoundService"
196-->[com.google.android.gms:play-services-auth:21.0.0] AndroidManifest.xml:34:13-89
197            android:exported="true"
197-->[com.google.android.gms:play-services-auth:21.0.0] AndroidManifest.xml:35:13-36
198            android:permission="com.google.android.gms.auth.api.signin.permission.REVOCATION_NOTIFICATION"
198-->[com.google.android.gms:play-services-auth:21.0.0] AndroidManifest.xml:36:13-107
199            android:visibleToInstantApps="true" />
199-->[com.google.android.gms:play-services-auth:21.0.0] AndroidManifest.xml:37:13-48
200
201        <activity
201-->[com.google.android.gms:play-services-base:18.9.0] AndroidManifest.xml:20:9-22:45
202            android:name="com.google.android.gms.common.api.GoogleApiActivity"
202-->[com.google.android.gms:play-services-base:18.9.0] AndroidManifest.xml:20:19-85
203            android:exported="false"
203-->[com.google.android.gms:play-services-base:18.9.0] AndroidManifest.xml:22:19-43
204            android:theme="@android:style/Theme.Translucent.NoTitleBar" />
204-->[com.google.android.gms:play-services-base:18.9.0] AndroidManifest.xml:21:19-78
205
206        <uses-library
206-->[androidx.window:window:1.2.0] AndroidManifest.xml:23:9-25:40
207            android:name="androidx.window.extensions"
207-->[androidx.window:window:1.2.0] AndroidManifest.xml:24:13-54
208            android:required="false" />
208-->[androidx.window:window:1.2.0] AndroidManifest.xml:25:13-37
209        <uses-library
209-->[androidx.window:window:1.2.0] AndroidManifest.xml:26:9-28:40
210            android:name="androidx.window.sidecar"
210-->[androidx.window:window:1.2.0] AndroidManifest.xml:27:13-51
211            android:required="false" />
211-->[androidx.window:window:1.2.0] AndroidManifest.xml:28:13-37
212
213        <receiver
213-->[androidx.profileinstaller:profileinstaller:1.3.1] AndroidManifest.xml:34:9-52:20
214            android:name="androidx.profileinstaller.ProfileInstallReceiver"
214-->[androidx.profileinstaller:profileinstaller:1.3.1] AndroidManifest.xml:35:13-76
215            android:directBootAware="false"
215-->[androidx.profileinstaller:profileinstaller:1.3.1] AndroidManifest.xml:36:13-44
216            android:enabled="true"
216-->[androidx.profileinstaller:profileinstaller:1.3.1] AndroidManifest.xml:37:13-35
217            android:exported="true"
217-->[androidx.profileinstaller:profileinstaller:1.3.1] AndroidManifest.xml:38:13-36
218            android:permission="android.permission.DUMP" >
218-->[androidx.profileinstaller:profileinstaller:1.3.1] AndroidManifest.xml:39:13-57
219            <intent-filter>
219-->[androidx.profileinstaller:profileinstaller:1.3.1] AndroidManifest.xml:40:13-42:29
220                <action android:name="androidx.profileinstaller.action.INSTALL_PROFILE" />
220-->[androidx.profileinstaller:profileinstaller:1.3.1] AndroidManifest.xml:41:17-91
220-->[androidx.profileinstaller:profileinstaller:1.3.1] AndroidManifest.xml:41:25-88
221            </intent-filter>
222            <intent-filter>
222-->[androidx.profileinstaller:profileinstaller:1.3.1] AndroidManifest.xml:43:13-45:29
223                <action android:name="androidx.profileinstaller.action.SKIP_FILE" />
223-->[androidx.profileinstaller:profileinstaller:1.3.1] AndroidManifest.xml:44:17-85
223-->[androidx.profileinstaller:profileinstaller:1.3.1] AndroidManifest.xml:44:25-82
224            </intent-filter>
225            <intent-filter>
225-->[androidx.profileinstaller:profileinstaller:1.3.1] AndroidManifest.xml:46:13-48:29
226                <action android:name="androidx.profileinstaller.action.SAVE_PROFILE" />
226-->[androidx.profileinstaller:profileinstaller:1.3.1] AndroidManifest.xml:47:17-88
226-->[androidx.profileinstaller:profileinstaller:1.3.1] AndroidManifest.xml:47:25-85
227            </intent-filter>
228            <intent-filter>
228-->[androidx.profileinstaller:profileinstaller:1.3.1] AndroidManifest.xml:49:13-51:29
229                <action android:name="androidx.profileinstaller.action.BENCHMARK_OPERATION" />
229-->[androidx.profileinstaller:profileinstaller:1.3.1] AndroidManifest.xml:50:17-95
229-->[androidx.profileinstaller:profileinstaller:1.3.1] AndroidManifest.xml:50:25-92
230            </intent-filter>
231        </receiver> <!-- The activities will be merged into the manifest of the hosting app. -->
232        <activity
232-->[com.google.android.play:core-common:2.0.3] AndroidManifest.xml:14:9-18:65
233            android:name="com.google.android.play.core.common.PlayCoreDialogWrapperActivity"
233-->[com.google.android.play:core-common:2.0.3] AndroidManifest.xml:15:13-93
234            android:exported="false"
234-->[com.google.android.play:core-common:2.0.3] AndroidManifest.xml:16:13-37
235            android:stateNotNeeded="true"
235-->[com.google.android.play:core-common:2.0.3] AndroidManifest.xml:17:13-42
236            android:theme="@style/Theme.PlayCore.Transparent" />
236-->[com.google.android.play:core-common:2.0.3] AndroidManifest.xml:18:13-62
237    </application>
238
239</manifest>